{
  "stats": {
    "suites": 1,
    "tests": 10,
    "passes": 10,
    "pending": 0,
    "failures": 0,
    "start": "2023-02-17T11:15:34.153Z",
    "end": "2023-02-17T11:15:34.201Z",
    "duration": 48,
    "testsRegistered": 10,
    "passPercent": 100,
    "pendingPercent": 0,
    "other": 0,
    "hasOther": false,
    "skipped": 0,
    "hasSkipped": false
  },
  "results": [
    {
      "uuid": "1ae120ad-b40f-4911-9f3a-f9945315c42d",
      "title": "",
      "fullFile": "",
      "file": "",
      "beforeHooks": [],
      "afterHooks": [],
      "tests": [],
      "suites": [
        {
          "uuid": "938daa85-5b38-4620-97e2-b2e5ceb9fa34",
          "title": "Validating the Schema",
          "fullFile": "/Users/swarajjain/Desktop/Project/Schema/Schema/__tests__/test.js",
          "file": "/__tests__/test.js",
          "beforeHooks": [],
          "afterHooks": [],
          "tests": [
            {
              "title": "Test 1",
              "fullTitle": "Validating the Schema Test 1",
              "timedOut": false,
              "duration": 19,
              "state": "passed",
              "speed": "fast",
              "pass": true,
              "fail": false,
              "pending": false,
              "context": null,
              "code": "const rand_num = Math.floor(Math.random() * 5);\nconsole.log(rand_num);\nconst res = await chai.request(app).get('/'+rand_num);\n// expect(res).to.have.status(200);\nnewproduct = res.body;\n// console.log(newproduct);\nexpect(res).to.have.status(200);\ndiscuss = await products.create(newproduct);\nlastproduct = await products.findById(discuss._id);\n\nexpect(lastproduct._id).to.be.a('object');\nexpect(lastproduct.name).to.be.an('string');\nexpect(lastproduct.Quantity).to.be.a('number');\nexpect(lastproduct.Price).to.be.a('number');\nexpect(lastproduct.instock).to.be.a('string');\nexpect(lastproduct.instock).to.be.oneOf(['Yes', 'No']);",
              "err": {},
              "uuid": "3a34e044-e0e3-4bc9-bc58-3a01aea33354",
              "parentUUID": "938daa85-5b38-4620-97e2-b2e5ceb9fa34",
              "isHook": false,
              "skipped": false
            },
            {
              "title": "Test 2",
              "fullTitle": "Validating the Schema Test 2",
              "timedOut": false,
              "duration": 3,
              "state": "passed",
              "speed": "fast",
              "pass": true,
              "fail": false,
              "pending": false,
              "context": null,
              "code": "const rand_num = Math.floor(Math.random() * 5);\nconsole.log(rand_num);\nconst res = await chai.request(app).get('/'+rand_num);\n// expect(res).to.have.status(200);\nnewproduct = res.body;\n// console.log(newproduct);\nexpect(res).to.have.status(200);\ndiscuss = await products.create(newproduct);\nlastproduct = await products.findById(discuss._id);\n\nexpect(lastproduct._id).to.be.a('object');\nexpect(lastproduct.name).to.be.an('string');\nexpect(lastproduct.Quantity).to.be.a('number');\nexpect(lastproduct.Price).to.be.a('number');\nexpect(lastproduct.instock).to.be.a('string');\nexpect(lastproduct.instock).to.be.oneOf(['Yes', 'No']);",
              "err": {},
              "uuid": "23ca13de-f43f-4ba6-9ad7-308a3ec622a2",
              "parentUUID": "938daa85-5b38-4620-97e2-b2e5ceb9fa34",
              "isHook": false,
              "skipped": false
            },
            {
              "title": "Test 3",
              "fullTitle": "Validating the Schema Test 3",
              "timedOut": false,
              "duration": 3,
              "state": "passed",
              "speed": "fast",
              "pass": true,
              "fail": false,
              "pending": false,
              "context": null,
              "code": "const rand_num = Math.floor(Math.random() * 5);\nconsole.log(rand_num);\nconst res = await chai.request(app).get('/'+rand_num);\n// expect(res).to.have.status(200);\nnewproduct = res.body;\n// console.log(newproduct);\nexpect(res).to.have.status(200);\ndiscuss = await products.create(newproduct);\nlastproduct = await products.findById(discuss._id);\n\nexpect(lastproduct._id).to.be.a('object');\nexpect(lastproduct.name).to.be.an('string');\nexpect(lastproduct.Quantity).to.be.a('number');\nexpect(lastproduct.Price).to.be.a('number');\nexpect(lastproduct.instock).to.be.a('string');\nexpect(lastproduct.instock).to.be.oneOf(['Yes', 'No']);",
              "err": {},
              "uuid": "c90b4a63-0002-4f61-a781-6ac8a9529035",
              "parentUUID": "938daa85-5b38-4620-97e2-b2e5ceb9fa34",
              "isHook": false,
              "skipped": false
            },
            {
              "title": "Test 4",
              "fullTitle": "Validating the Schema Test 4",
              "timedOut": false,
              "duration": 3,
              "state": "passed",
              "speed": "fast",
              "pass": true,
              "fail": false,
              "pending": false,
              "context": null,
              "code": "const rand_num = Math.floor(Math.random() * 5);\nconsole.log(rand_num);\nconst res = await chai.request(app).get('/'+rand_num);\n// expect(res).to.have.status(200);\nnewproduct = res.body;\n// console.log(newproduct);\nexpect(res).to.have.status(200);\ndiscuss = await products.create(newproduct);\nlastproduct = await products.findById(discuss._id);\n\nexpect(lastproduct._id).to.be.a('object');\nexpect(lastproduct.name).to.be.an('string');\nexpect(lastproduct.Quantity).to.be.a('number');\nexpect(lastproduct.Price).to.be.a('number');\nexpect(lastproduct.instock).to.be.a('string');\nexpect(lastproduct.instock).to.be.oneOf(['Yes', 'No']);",
              "err": {},
              "uuid": "59d7b7b9-37a4-468a-89de-248140c6c024",
              "parentUUID": "938daa85-5b38-4620-97e2-b2e5ceb9fa34",
              "isHook": false,
              "skipped": false
            },
            {
              "title": "Test 5",
              "fullTitle": "Validating the Schema Test 5",
              "timedOut": false,
              "duration": 3,
              "state": "passed",
              "speed": "fast",
              "pass": true,
              "fail": false,
              "pending": false,
              "context": null,
              "code": "const rand_num = Math.floor(Math.random() * 5);\nconsole.log(rand_num);\nconst res = await chai.request(app).get('/'+rand_num);\n// expect(res).to.have.status(200);\nnewproduct = res.body;\n// console.log(newproduct);\nexpect(res).to.have.status(200);\ndiscuss = await products.create(newproduct);\nlastproduct = await products.findById(discuss._id);\n\nexpect(lastproduct._id).to.be.a('object');\nexpect(lastproduct.name).to.be.an('string');\nexpect(lastproduct.Quantity).to.be.a('number');\nexpect(lastproduct.Price).to.be.a('number');\nexpect(lastproduct.instock).to.be.a('string');\nexpect(lastproduct.instock).to.be.oneOf(['Yes', 'No']);",
              "err": {},
              "uuid": "037ffc46-6ef9-40ec-b894-51afbd828b23",
              "parentUUID": "938daa85-5b38-4620-97e2-b2e5ceb9fa34",
              "isHook": false,
              "skipped": false
            },
            {
              "title": "Test 6",
              "fullTitle": "Validating the Schema Test 6",
              "timedOut": false,
              "duration": 3,
              "state": "passed",
              "speed": "fast",
              "pass": true,
              "fail": false,
              "pending": false,
              "context": null,
              "code": "const rand_num = Math.floor(Math.random() * 5);\nconsole.log(rand_num);\nconst res = await chai.request(app).get('/'+rand_num);\n// expect(res).to.have.status(200);\nnewproduct = res.body;\n// console.log(newproduct);\nexpect(res).to.have.status(200);\ndiscuss = await products.create(newproduct);\nlastproduct = await products.findById(discuss._id);\n\nexpect(lastproduct._id).to.be.a('object');\nexpect(lastproduct.name).to.be.an('string');\nexpect(lastproduct.Quantity).to.be.a('number');\nexpect(lastproduct.Price).to.be.a('number');\nexpect(lastproduct.instock).to.be.a('string');\nexpect(lastproduct.instock).to.be.oneOf(['Yes', 'No']);",
              "err": {},
              "uuid": "39353851-efbf-4950-a237-aab418fb8b33",
              "parentUUID": "938daa85-5b38-4620-97e2-b2e5ceb9fa34",
              "isHook": false,
              "skipped": false
            },
            {
              "title": "Test 7",
              "fullTitle": "Validating the Schema Test 7",
              "timedOut": false,
              "duration": 2,
              "state": "passed",
              "speed": "fast",
              "pass": true,
              "fail": false,
              "pending": false,
              "context": null,
              "code": "const rand_num = Math.floor(Math.random() * 5);\nconsole.log(rand_num);\nconst res = await chai.request(app).get('/'+rand_num);\n// expect(res).to.have.status(200);\nnewproduct = res.body;\n// console.log(newproduct);\nexpect(res).to.have.status(200);\ndiscuss = await products.create(newproduct);\nlastproduct = await products.findById(discuss._id);\n\nexpect(lastproduct._id).to.be.a('object');\nexpect(lastproduct.name).to.be.an('string');\nexpect(lastproduct.Quantity).to.be.a('number');\nexpect(lastproduct.Price).to.be.a('number');\nexpect(lastproduct.instock).to.be.a('string');\nexpect(lastproduct.instock).to.be.oneOf(['Yes', 'No']);",
              "err": {},
              "uuid": "3470ca09-5ace-438e-820d-63ef31358264",
              "parentUUID": "938daa85-5b38-4620-97e2-b2e5ceb9fa34",
              "isHook": false,
              "skipped": false
            },
            {
              "title": "Test 8",
              "fullTitle": "Validating the Schema Test 8",
              "timedOut": false,
              "duration": 3,
              "state": "passed",
              "speed": "fast",
              "pass": true,
              "fail": false,
              "pending": false,
              "context": null,
              "code": "const rand_num = Math.floor(Math.random() * 5);\nconsole.log(rand_num);\nconst res = await chai.request(app).get('/'+rand_num);\n// expect(res).to.have.status(200);\nnewproduct = res.body;\n// console.log(newproduct);\nexpect(res).to.have.status(200);\ndiscuss = await products.create(newproduct);\nlastproduct = await products.findById(discuss._id);\n\nexpect(lastproduct._id).to.be.a('object');\nexpect(lastproduct.name).to.be.an('string');\nexpect(lastproduct.Quantity).to.be.a('number');\nexpect(lastproduct.Price).to.be.a('number');\nexpect(lastproduct.instock).to.be.a('string');\nexpect(lastproduct.instock).to.be.oneOf(['Yes', 'No']);",
              "err": {},
              "uuid": "f27dfbfc-9493-4eee-b179-75e28199b4b4",
              "parentUUID": "938daa85-5b38-4620-97e2-b2e5ceb9fa34",
              "isHook": false,
              "skipped": false
            },
            {
              "title": "Test 9",
              "fullTitle": "Validating the Schema Test 9",
              "timedOut": false,
              "duration": 2,
              "state": "passed",
              "speed": "fast",
              "pass": true,
              "fail": false,
              "pending": false,
              "context": null,
              "code": "const rand_num = Math.floor(Math.random() * 5);\nconsole.log(rand_num);\nconst res = await chai.request(app).get('/'+rand_num);\n// expect(res).to.have.status(200);\nnewproduct = res.body;\n// console.log(newproduct);\nexpect(res).to.have.status(200);\ndiscuss = await products.create(newproduct);\nlastproduct = await products.findById(discuss._id);\n\nexpect(lastproduct._id).to.be.a('object');\nexpect(lastproduct.name).to.be.an('string');\nexpect(lastproduct.Quantity).to.be.a('number');\nexpect(lastproduct.Price).to.be.a('number');\nexpect(lastproduct.instock).to.be.a('string');\nexpect(lastproduct.instock).to.be.oneOf(['Yes', 'No']);",
              "err": {},
              "uuid": "aad55a59-eb6a-4859-9d62-f952631c67c5",
              "parentUUID": "938daa85-5b38-4620-97e2-b2e5ceb9fa34",
              "isHook": false,
              "skipped": false
            },
            {
              "title": "Test 10",
              "fullTitle": "Validating the Schema Test 10",
              "timedOut": false,
              "duration": 3,
              "state": "passed",
              "speed": "fast",
              "pass": true,
              "fail": false,
              "pending": false,
              "context": null,
              "code": "const rand_num = Math.floor(Math.random() * 5);\nconsole.log(rand_num);\nconst res = await chai.request(app).get('/'+rand_num);\n// expect(res).to.have.status(200);\nnewproduct = res.body;\n// console.log(newproduct);\nexpect(res).to.have.status(200);\ndiscuss = await products.create(newproduct);\nlastproduct = await products.findById(discuss._id);\n\nexpect(lastproduct._id).to.be.a('object');\nexpect(lastproduct.name).to.be.an('string');\nexpect(lastproduct.Quantity).to.be.a('number');\nexpect(lastproduct.Price).to.be.a('number');\nexpect(lastproduct.instock).to.be.a('string');\nexpect(lastproduct.instock).to.be.oneOf(['Yes', 'No']);",
              "err": {},
              "uuid": "430ff258-f83d-4506-9195-1fb3634f76a6",
              "parentUUID": "938daa85-5b38-4620-97e2-b2e5ceb9fa34",
              "isHook": false,
              "skipped": false
            }
          ],
          "suites": [],
          "passes": [
            "3a34e044-e0e3-4bc9-bc58-3a01aea33354",
            "23ca13de-f43f-4ba6-9ad7-308a3ec622a2",
            "c90b4a63-0002-4f61-a781-6ac8a9529035",
            "59d7b7b9-37a4-468a-89de-248140c6c024",
            "037ffc46-6ef9-40ec-b894-51afbd828b23",
            "39353851-efbf-4950-a237-aab418fb8b33",
            "3470ca09-5ace-438e-820d-63ef31358264",
            "f27dfbfc-9493-4eee-b179-75e28199b4b4",
            "aad55a59-eb6a-4859-9d62-f952631c67c5",
            "430ff258-f83d-4506-9195-1fb3634f76a6"
          ],
          "failures": [],
          "pending": [],
          "skipped": [],
          "duration": 44,
          "root": false,
          "rootEmpty": false,
          "_timeout": 60000
        }
      ],
      "passes": [],
      "failures": [],
      "pending": [],
      "skipped": [],
      "duration": 0,
      "root": true,
      "rootEmpty": true,
      "_timeout": 60000
    }
  ],
  "meta": {
    "mocha": {
      "version": "8.2.1"
    },
    "mochawesome": {
      "options": {
        "quiet": false,
        "reportFilename": "mochawesome",
        "saveHtml": true,
        "saveJson": true,
        "consoleReporter": "spec",
        "useInlineDiffs": false,
        "code": true
      },
      "version": "6.2.1"
    },
    "marge": {
      "options": null,
      "version": "5.1.0"
    }
  }
}